<?xml version="1.0" encoding="UTF-8"?>
<!-- Generated by org.testng.reporters.JUnitReportReporter -->
<testsuite hostname="DESKTOP-KMOGL3M" failures="0" tests="12" name="finalCall.RevokeSuspensionFinalCalls" time="28.424" errors="0" timestamp="2024-09-27T13:05:04 IST" skipped="0">
  <testcase classname="finalCall.RevokeSuspensionFinalCalls" name="login" time="0.000"/>
  <testcase classname="finalCall.RevokeSuspensionFinalCalls" name="login" time="0.001"/>
  <testcase classname="finalCall.RevokeSuspensionFinalCalls" name="RevokeSuspensionSearchCustomer" time="2.116"/>
  <testcase classname="finalCall.RevokeSuspensionFinalCalls" name="RevokeSuspensionSearchCustomer" time="2.042"/>
  <testcase classname="finalCall.RevokeSuspensionFinalCalls" name="RevokeSuspensionCustomer360View" time="2.403"/>
  <testcase classname="finalCall.RevokeSuspensionFinalCalls" name="RevokeSuspensionCustomer360View" time="3.262"/>
  <testcase classname="finalCall.RevokeSuspensionFinalCalls" name="RevokeSuspensionSelectSubscriptionPage" time="1.890"/>
  <testcase classname="finalCall.RevokeSuspensionFinalCalls" name="RevokeSuspensionSelectSubscriptionPage" time="1.471"/>
  <testcase classname="finalCall.RevokeSuspensionFinalCalls" name="RevokeSuspensionSummaryPage" time="1.476"/>
  <testcase classname="finalCall.RevokeSuspensionFinalCalls" name="RevokeSuspensionSummaryPage" time="1.736"/>
  <testcase classname="finalCall.RevokeSuspensionFinalCalls" name="RevokeSuspensionStatusCheck" time="5.979"/>
  <testcase classname="finalCall.RevokeSuspensionFinalCalls" name="RevokeSuspensionStatusCheck" time="6.048"/>
</testsuite> <!-- finalCall.RevokeSuspensionFinalCalls -->
