<?xml version="1.0" encoding="UTF-8"?>
<!-- Generated by org.testng.reporters.JUnitReportReporter -->
<testsuite hostname="DESKTOP-KMOGL3M" failures="0" tests="16" name="finalCall.AddVasFinalCalls" time="53.118" errors="0" timestamp="2024-09-27T13:05:03 IST" skipped="0">
  <testcase classname="finalCall.AddVasFinalCalls" name="login" time="0.005"/>
  <testcase classname="finalCall.AddVasFinalCalls" name="login" time="0.000"/>
  <testcase classname="finalCall.AddVasFinalCalls" name="SearchCustomer" time="2.768"/>
  <testcase classname="finalCall.AddVasFinalCalls" name="SearchCustomer" time="2.225"/>
  <testcase classname="finalCall.AddVasFinalCalls" name="Customer360View" time="6.107"/>
  <testcase classname="finalCall.AddVasFinalCalls" name="Customer360View" time="6.656"/>
  <testcase classname="finalCall.AddVasFinalCalls" name="SelectSubscriptionPage" time="1.036"/>
  <testcase classname="finalCall.AddVasFinalCalls" name="SelectSubscriptionPage" time="1.218"/>
  <testcase classname="finalCall.AddVasFinalCalls" name="SelectVasPlanAndTypePage" time="7.941"/>
  <testcase classname="finalCall.AddVasFinalCalls" name="SelectVasPlanAndTypePage" time="5.221"/>
  <testcase classname="finalCall.AddVasFinalCalls" name="ProductConfigurationPage" time="1.288"/>
  <testcase classname="finalCall.AddVasFinalCalls" name="ProductConfigurationPage" time="1.342"/>
  <testcase classname="finalCall.AddVasFinalCalls" name="SummaryPage" time="2.219"/>
  <testcase classname="finalCall.AddVasFinalCalls" name="SummaryPage" time="1.164"/>
  <testcase classname="finalCall.AddVasFinalCalls" name="AddvasStatusCheck" time="6.071"/>
  <testcase classname="finalCall.AddVasFinalCalls" name="AddvasStatusCheck" time="7.857"/>
</testsuite> <!-- finalCall.AddVasFinalCalls -->
