<?xml version="1.0" encoding="UTF-8"?>
<!-- Generated by org.testng.reporters.JUnitReportReporter -->
<testsuite hostname="DESKTOP-KMOGL3M" failures="0" tests="1" name="Academy.LoginPage" time="31.402" errors="0" timestamp="2024-08-22T13:42:43 IST" skipped="0">
  <testcase classname="Academy.LoginPage" name="basePageNavigation" time="31.402"/>
</testsuite> <!-- Academy.LoginPage -->
