<?xml version="1.0" encoding="UTF-8"?>
<!-- Generated by org.testng.reporters.JUnitReportReporter -->
<testsuite hostname="DESKTOP-KMOGL3M" failures="0" tests="1" name="Academy.HomePage" time="19.921" errors="0" timestamp="2024-08-22T13:15:13 IST" skipped="0">
  <testcase classname="Academy.HomePage" name="basePageNavigation" time="19.921"/>
</testsuite> <!-- Academy.HomePage -->
