<?xml version="1.0" encoding="UTF-8"?>
<!-- Generated by org.testng.reporters.JUnitReportReporter -->
<testsuite hostname="DESKTOP-KMOGL3M" failures="0" tests="18" name="finalCall.onboardingFinalCalls" time="261.841" errors="0" timestamp="2024-09-27T13:05:04 IST" skipped="0">
  <testcase classname="finalCall.onboardingFinalCalls" name="login" time="13.826"/>
  <testcase classname="finalCall.onboardingFinalCalls" name="login" time="12.546"/>
  <testcase classname="finalCall.onboardingFinalCalls" name="Dashboard" time="17.176"/>
  <testcase classname="finalCall.onboardingFinalCalls" name="Dashboard" time="18.381"/>
  <testcase classname="finalCall.onboardingFinalCalls" name="CustomerCapture" time="43.450"/>
  <testcase classname="finalCall.onboardingFinalCalls" name="CustomerCapture" time="46.682"/>
  <testcase classname="finalCall.onboardingFinalCalls" name="SelectProduct" time="11.193"/>
  <testcase classname="finalCall.onboardingFinalCalls" name="SelectProduct" time="9.265"/>
  <testcase classname="finalCall.onboardingFinalCalls" name="ProductConfigurationPage" time="20.577"/>
  <testcase classname="finalCall.onboardingFinalCalls" name="ProductConfigurationPage" time="21.359"/>
  <testcase classname="finalCall.onboardingFinalCalls" name="ProductUserDetailsPage" time="3.420"/>
  <testcase classname="finalCall.onboardingFinalCalls" name="SummaryPage" time="3.378"/>
  <testcase classname="finalCall.onboardingFinalCalls" name="SummaryPage" time="3.285"/>
  <testcase classname="finalCall.onboardingFinalCalls" name="ProductUserDetailsPage" time="2.719"/>
  <testcase classname="finalCall.onboardingFinalCalls" name="Paymentpage" time="4.013"/>
  <testcase classname="finalCall.onboardingFinalCalls" name="Paymentpage" time="3.018"/>
  <testcase classname="finalCall.onboardingFinalCalls" name="StatusCheck" time="13.646"/>
  <testcase classname="finalCall.onboardingFinalCalls" name="StatusCheck" time="13.907"/>
</testsuite> <!-- finalCall.onboardingFinalCalls -->
