<?xml version="1.0" encoding="UTF-8"?>
<!-- Generated by org.testng.reporters.JUnitReportReporter -->
<testsuite hostname="DESKTOP-KMOGL3M" failures="0" tests="12" name="finalCall.RemoveVasFinalCalls" time="30.895" errors="0" timestamp="2024-09-27T13:05:04 IST" skipped="0">
  <testcase classname="finalCall.RemoveVasFinalCalls" name="login" time="0.001"/>
  <testcase classname="finalCall.RemoveVasFinalCalls" name="login" time="0.000"/>
  <testcase classname="finalCall.RemoveVasFinalCalls" name="RemoveVasSearchCustomer" time="2.117"/>
  <testcase classname="finalCall.RemoveVasFinalCalls" name="RemoveVasSearchCustomer" time="2.088"/>
  <testcase classname="finalCall.RemoveVasFinalCalls" name="RemoveVasCustomer360View" time="4.297"/>
  <testcase classname="finalCall.RemoveVasFinalCalls" name="RemoveVasCustomer360View" time="3.965"/>
  <testcase classname="finalCall.RemoveVasFinalCalls" name="RemoveVasSelectSubscriptionPage" time="1.742"/>
  <testcase classname="finalCall.RemoveVasFinalCalls" name="RemoveVasSelectSubscriptionPage" time="1.724"/>
  <testcase classname="finalCall.RemoveVasFinalCalls" name="RemoveVasSummaryPage" time="1.360"/>
  <testcase classname="finalCall.RemoveVasFinalCalls" name="RemoveVasSummaryPage" time="1.294"/>
  <testcase classname="finalCall.RemoveVasFinalCalls" name="RemoveVasStatusCheck" time="6.182"/>
  <testcase classname="finalCall.RemoveVasFinalCalls" name="RemoveVasStatusCheck" time="6.125"/>
</testsuite> <!-- finalCall.RemoveVasFinalCalls -->
