<?xml version="1.0" encoding="UTF-8"?>
<!-- Generated by org.testng.reporters.JUnitReportReporter -->
<testsuite hostname="DESKTOP-KMOGL3M" failures="0" tests="14" name="finalCall.SuspensionFinalCalls" time="28.159" errors="0" timestamp="2024-09-27T13:05:04 IST" skipped="0">
  <testcase classname="finalCall.SuspensionFinalCalls" name="login" time="0.001"/>
  <testcase classname="finalCall.SuspensionFinalCalls" name="login" time="0.001"/>
  <testcase classname="finalCall.SuspensionFinalCalls" name="SuspensionSearchCustomer" time="1.696"/>
  <testcase classname="finalCall.SuspensionFinalCalls" name="SuspensionSearchCustomer" time="2.033"/>
  <testcase classname="finalCall.SuspensionFinalCalls" name="SuspensionCustomer360View" time="2.645"/>
  <testcase classname="finalCall.SuspensionFinalCalls" name="SuspensionCustomer360View" time="2.939"/>
  <testcase classname="finalCall.SuspensionFinalCalls" name="SuspensionSelectSubscriptionPage" time="1.501"/>
  <testcase classname="finalCall.SuspensionFinalCalls" name="SuspensionSelectSubscriptionPage" time="1.627"/>
  <testcase classname="finalCall.SuspensionFinalCalls" name="SuspensionSummaryPage" time="1.267"/>
  <testcase classname="finalCall.SuspensionFinalCalls" name="SuspensionSummaryPage" time="1.168"/>
  <testcase classname="finalCall.SuspensionFinalCalls" name="SuspensionPaymentpage" time="1.669"/>
  <testcase classname="finalCall.SuspensionFinalCalls" name="SuspensionPaymentpage" time="0.000"/>
  <testcase classname="finalCall.SuspensionFinalCalls" name="SuspensionStatusCheck" time="5.604"/>
  <testcase classname="finalCall.SuspensionFinalCalls" name="SuspensionStatusCheck" time="6.008"/>
</testsuite> <!-- finalCall.SuspensionFinalCalls -->
